<?xml version="1.0" encoding="UTF-8"?>
<!-- Generated by org.testng.reporters.JUnitReportReporter -->
<testsuite hostname="del1-lhp-n82178" failures="0" tests="2" name="com.Automation.Test.Post_Test" time="1.769" errors="0" timestamp="2022-09-13T10:29:21 IST" skipped="0">
  <testcase classname="com.Automation.Test.Post_Test" name="verifypost" time="0.960"/>
  <system-out/>
  <testcase classname="com.Automation.Test.Post_Test" name="verifypost" time="0.809"/>
  <system-out/>
</testsuite> <!-- com.Automation.Test.Post_Test -->
