<?xml version="1.0" encoding="UTF-8"?>
<!-- Generated by org.testng.reporters.JUnitReportReporter -->
<testsuite hostname="del1-lhp-n82178" failures="0" tests="1" name="com.Automation.Test.Delete_Test" time="3.545" errors="0" timestamp="2022-09-13T10:29:21 IST" skipped="0">
  <testcase classname="com.Automation.Test.Delete_Test" name="verifydelete" time="3.545"/>
  <system-out/>
</testsuite> <!-- com.Automation.Test.Delete_Test -->
