<?xml version="1.0" encoding="UTF-8"?>
<!-- Generated by org.testng.reporters.JUnitReportReporter -->
<testsuite hostname="del1-lhp-n82178" failures="0" tests="1" name="com.Automation.Test.Put_Test" time="0.769" errors="0" timestamp="2022-09-13T10:29:21 IST" skipped="0">
  <testcase classname="com.Automation.Test.Put_Test" name="verifyput" time="0.769"/>
  <system-out/>
</testsuite> <!-- com.Automation.Test.Put_Test -->
